Start testing: Jul 18 20:35 EDT
----------------------------------------------------------
1/10 Testing: Runs
1/10 Test: Runs
Command: "/mnt/c/Users/lisay/OneDrive/Documents/git/CMake_tutorial_Step5/build/Tutorial" "25"
Directory: /mnt/c/Users/lisay/OneDrive/Documents/git/CMake_tutorial_Step5/build
"Runs" start time: Jul 18 20:35 EDT
Output:
----------------------------------------------------------
Computing sqrt of 25 to be 5 using log and exp
The square root of 25 is 5
<end of output>
Test time =   0.01 sec
----------------------------------------------------------
Test Passed.
"Runs" end time: Jul 18 20:35 EDT
"Runs" time elapsed: 00:00:00
----------------------------------------------------------

2/10 Testing: Usage
2/10 Test: Usage
Command: "/mnt/c/Users/lisay/OneDrive/Documents/git/CMake_tutorial_Step5/build/Tutorial"
Directory: /mnt/c/Users/lisay/OneDrive/Documents/git/CMake_tutorial_Step5/build
"Usage" start time: Jul 18 20:35 EDT
Output:
----------------------------------------------------------
/mnt/c/Users/lisay/OneDrive/Documents/git/CMake_tutorial_Step5/build/Tutorial Version 1.0
Usage: /mnt/c/Users/lisay/OneDrive/Documents/git/CMake_tutorial_Step5/build/Tutorial number
<end of output>
Test time =   0.01 sec
----------------------------------------------------------
Test Pass Reason:
Required regular expression found. Regex=[Usage:.*number]
"Usage" end time: Jul 18 20:35 EDT
"Usage" time elapsed: 00:00:00
----------------------------------------------------------

3/10 Testing: Comp4
3/10 Test: Comp4
Command: "/mnt/c/Users/lisay/OneDrive/Documents/git/CMake_tutorial_Step5/build/Tutorial" "4"
Directory: /mnt/c/Users/lisay/OneDrive/Documents/git/CMake_tutorial_Step5/build
"Comp4" start time: Jul 18 20:35 EDT
Output:
----------------------------------------------------------
Computing sqrt of 4 to be 2 using log and exp
The square root of 4 is 2
<end of output>
Test time =   0.01 sec
----------------------------------------------------------
Test Pass Reason:
Required regular expression found. Regex=[4 is 2]
"Comp4" end time: Jul 18 20:35 EDT
"Comp4" time elapsed: 00:00:00
----------------------------------------------------------

4/10 Testing: Comp9
4/10 Test: Comp9
Command: "/mnt/c/Users/lisay/OneDrive/Documents/git/CMake_tutorial_Step5/build/Tutorial" "9"
Directory: /mnt/c/Users/lisay/OneDrive/Documents/git/CMake_tutorial_Step5/build
"Comp9" start time: Jul 18 20:35 EDT
Output:
----------------------------------------------------------
Computing sqrt of 9 to be 3 using log and exp
The square root of 9 is 3
<end of output>
Test time =   0.01 sec
----------------------------------------------------------
Test Pass Reason:
Required regular expression found. Regex=[9 is 3]
"Comp9" end time: Jul 18 20:35 EDT
"Comp9" time elapsed: 00:00:00
----------------------------------------------------------

5/10 Testing: Comp5
5/10 Test: Comp5
Command: "/mnt/c/Users/lisay/OneDrive/Documents/git/CMake_tutorial_Step5/build/Tutorial" "5"
Directory: /mnt/c/Users/lisay/OneDrive/Documents/git/CMake_tutorial_Step5/build
"Comp5" start time: Jul 18 20:35 EDT
Output:
----------------------------------------------------------
Computing sqrt of 5 to be 2.23607 using log and exp
The square root of 5 is 2.23607
<end of output>
Test time =   0.01 sec
----------------------------------------------------------
Test Pass Reason:
Required regular expression found. Regex=[5 is 2.236]
"Comp5" end time: Jul 18 20:35 EDT
"Comp5" time elapsed: 00:00:00
----------------------------------------------------------

6/10 Testing: Comp7
6/10 Test: Comp7
Command: "/mnt/c/Users/lisay/OneDrive/Documents/git/CMake_tutorial_Step5/build/Tutorial" "7"
Directory: /mnt/c/Users/lisay/OneDrive/Documents/git/CMake_tutorial_Step5/build
"Comp7" start time: Jul 18 20:35 EDT
Output:
----------------------------------------------------------
Computing sqrt of 7 to be 2.64575 using log and exp
The square root of 7 is 2.64575
<end of output>
Test time =   0.01 sec
----------------------------------------------------------
Test Pass Reason:
Required regular expression found. Regex=[7 is 2.645]
"Comp7" end time: Jul 18 20:35 EDT
"Comp7" time elapsed: 00:00:00
----------------------------------------------------------

7/10 Testing: Comp25
7/10 Test: Comp25
Command: "/mnt/c/Users/lisay/OneDrive/Documents/git/CMake_tutorial_Step5/build/Tutorial" "25"
Directory: /mnt/c/Users/lisay/OneDrive/Documents/git/CMake_tutorial_Step5/build
"Comp25" start time: Jul 18 20:35 EDT
Output:
----------------------------------------------------------
Computing sqrt of 25 to be 5 using log and exp
The square root of 25 is 5
<end of output>
Test time =   0.01 sec
----------------------------------------------------------
Test Pass Reason:
Required regular expression found. Regex=[25 is 5]
"Comp25" end time: Jul 18 20:35 EDT
"Comp25" time elapsed: 00:00:00
----------------------------------------------------------

8/10 Testing: Comp-25
8/10 Test: Comp-25
Command: "/mnt/c/Users/lisay/OneDrive/Documents/git/CMake_tutorial_Step5/build/Tutorial" "-25"
Directory: /mnt/c/Users/lisay/OneDrive/Documents/git/CMake_tutorial_Step5/build
"Comp-25" start time: Jul 18 20:35 EDT
Output:
----------------------------------------------------------
The square root of -25 is 0
<end of output>
Test time =   0.01 sec
----------------------------------------------------------
Test Pass Reason:
Required regular expression found. Regex=[-25 is (-nan|nan|0)]
"Comp-25" end time: Jul 18 20:35 EDT
"Comp-25" time elapsed: 00:00:00
----------------------------------------------------------

9/10 Testing: Comp0.0001
9/10 Test: Comp0.0001
Command: "/mnt/c/Users/lisay/OneDrive/Documents/git/CMake_tutorial_Step5/build/Tutorial" "0.0001"
Directory: /mnt/c/Users/lisay/OneDrive/Documents/git/CMake_tutorial_Step5/build
"Comp0.0001" start time: Jul 18 20:35 EDT
Output:
----------------------------------------------------------
Computing sqrt of 0.0001 to be 0.01 using log and exp
The square root of 0.0001 is 0.01
<end of output>
Test time =   0.02 sec
----------------------------------------------------------
Test Pass Reason:
Required regular expression found. Regex=[0.0001 is 0.01]
"Comp0.0001" end time: Jul 18 20:35 EDT
"Comp0.0001" time elapsed: 00:00:00
----------------------------------------------------------

10/10 Testing: Comp4096
10/10 Test: Comp4096
Command: "/mnt/c/Users/lisay/OneDrive/Documents/git/CMake_tutorial_Step5/build/Tutorial" "4096"
Directory: /mnt/c/Users/lisay/OneDrive/Documents/git/CMake_tutorial_Step5/build
"Comp4096" start time: Jul 18 20:35 EDT
Output:
----------------------------------------------------------
Computing sqrt of 4096 to be 64 using log and exp
The square root of 4096 is 64
<end of output>
Test time =   0.01 sec
----------------------------------------------------------
Test Pass Reason:
Required regular expression found. Regex=[4096 is 64]
"Comp4096" end time: Jul 18 20:35 EDT
"Comp4096" time elapsed: 00:00:00
----------------------------------------------------------

End testing: Jul 18 20:35 EDT
